<?xml version="1.0" encoding="UTF-8"?>
<testng-results skipped="0" failed="0" ignored="0" total="1" passed="1">
  <reporter-output>
  </reporter-output>
  <suite name="Default suite" duration-ms="26622" started-at="2018-10-04T11:12:12Z" finished-at="2018-10-04T11:12:39Z">
    <groups>
    </groups>
    <test name="Default test" duration-ms="26622" started-at="2018-10-04T11:12:12Z" finished-at="2018-10-04T11:12:39Z">
      <class name="example.Example">
        <test-method status="PASS" signature="demo()[pri:0, instance:example.Example@765367]" name="demo" duration-ms="26599" started-at="2018-10-04T11:12:12Z" finished-at="2018-10-04T11:12:39Z">
          <reporter-output>
          </reporter-output>
        </test-method> <!-- demo -->
      </class> <!-- example.Example -->
    </test> <!-- Default test -->
  </suite> <!-- Default suite -->
</testng-results>
